name: Áá
ID: 1
hours: 0.00
payrate: 0.00
name: phíãþ
ID: 32767
hours: 0.00
payrate: 0.00
name: C¬²ßÿ
ID: 1
hours: 0.00
payrate: 0.00
name: ¥²ßÿ
ID: 32767
hours: 0.00
payrate: 0.00
name: `£²ßÿ
ID: 32767
hours: 0.00
payrate: 0.00
name: %·²ßÿ
ID: 32767
hours: 0.00
payrate: 0.00
name: Ÿ·²ßÿ
ID: 32767
hours: 0.00
payrate: 0.00
name: \¸²ßÿ
ID: 32767
hours: 0.00
payrate: 0.00
name: ÷¶²ßÿ
ID: 32767
hours: 0.00
payrate: 0.00
Calculating gross pay ...
Áá gross pay is 0.00
phíãþ gross pay is 0.00
C¬²ßÿ gross pay is 0.00
¥²ßÿ gross pay is 0.00
`£²ßÿ gross pay is 0.00
%·²ßÿ gross pay is 0.00
Ÿ·²ßÿ gross pay is 0.00
\¸²ßÿ gross pay is 0.00
÷¶²ßÿ gross pay is 0.00
Š¶²ßÿ gross pay is 0.00
