name: Linda Noonan
ID: 12343
hours: 30.50
payrate: 12.10
name: Tony Franklin
ID: 42454
hours: 40.00
payrate: 35.20
name: Mary White
ID: 34255
hours: 15.00
payrate: 10.90
name: Randall Gunder
ID: 43243
hours: 36.75
payrate: 26.31
name: Mark Brown
ID: 35433
hours: 39.00
payrate: 19.00
name: Brenda McMillan
ID: 24364
hours: 8.50
payrate: 20.00
name: Frank Lacey
ID: 84325
hours: 11.25
payrate: 12.30
name: John Green
ID: 47283
hours: 40.00
payrate: 28.33
Calculating gross pay ...
Linda Noonan gross pay is 369.05
Tony Franklin gross pay is 1408.00
Mary White gross pay is 163.50
Randall Gunder gross pay is 966.89
Mark Brown gross pay is 741.00
Brenda McMillan gross pay is 170.00
Frank Lacey gross pay is 138.38
John Green gross pay is 1133.20
